<?xml version="1.0" encoding="UTF-8"?>
<!-- Generated by org.testng.reporters.JUnitReportReporter -->
<testsuite hostname="SNEHA" failures="0" tests="2" name="TestNGPractice.PracticeAnnotation" time="0.016" errors="0" timestamp="2023-02-28T23:53:53 IST" skipped="0">
  <testcase classname="TestNGPractice.PracticeAnnotation" name="TestMethod" time="0.007"/>
  <system-out/>
  <testcase classname="TestNGPractice.PracticeAnnotation" name="TestMethod2" time="0.009"/>
  <system-out/>
</testsuite> <!-- TestNGPractice.PracticeAnnotation -->
