<?xml version="1.0" encoding="UTF-8"?>
<!-- Generated by org.testng.reporters.JUnitReportReporter -->
<testsuite hostname="SNEHA" failures="0" tests="1" name="TestNGPractice.TestBaceClass" time="0.960" errors="0" timestamp="2023-03-05T23:33:41 IST" skipped="0">
  <testcase classname="TestNGPractice.TestBaceClass" name="Method1" time="0.960"/>
  <system-out/>
</testsuite> <!-- TestNGPractice.TestBaceClass -->
