<?xml version="1.0" encoding="UTF-8"?>
<!-- Generated by org.testng.reporters.JUnitReportReporter -->
<testsuite hostname="SNEHA" failures="0" tests="13" name="Annotation.TestAnno2" time="0.048" errors="0" timestamp="2023-03-03T16:29:02 IST" skipped="1">
  <testcase classname="Annotation.TestAnno2" name="method1" time="0.012"/>
  <system-out/>
  <testcase classname="Annotation.TestAnno2" name="method6" time="0.003"/>
  <system-out/>
  <testcase classname="Annotation.TestAnno2" name="method6" time="0.003"/>
  <system-out/>
  <testcase classname="Annotation.TestAnno2" name="method6" time="0.005"/>
  <system-out/>
  <testcase classname="Annotation.TestAnno2" name="method6" time="0.002"/>
  <system-out/>
  <testcase classname="Annotation.TestAnno2" name="method6" time="0.002"/>
  <system-out/>
  <testcase classname="Annotation.TestAnno2" name="method7" time="0.002"/>
  <system-out/>
  <testcase classname="Annotation.TestAnno2" name="method5" time="0.007"/>
  <system-out/>
  <testcase classname="Annotation.TestAnno2" name="method6" time="0.003"/>
  <system-out/>
  <testcase classname="Annotation.TestAnno2" name="method6" time="0.003"/>
  <system-out/>
  <testcase classname="Annotation.TestAnno2" name="method2" time="0.003"/>
  <system-out/>
  <testcase classname="Annotation.TestAnno2" name="method3" time="0.003"/>
  <system-out/>
  <testcase classname="Annotation.TestAnno2" name="method4">
    <skipped/>
  </testcase> <!-- method4 -->
  <system-out/>
</testsuite> <!-- Annotation.TestAnno2 -->
