<?xml version="1.0" encoding="UTF-8"?>
<!-- Generated by org.testng.reporters.JUnitReportReporter -->
<testsuite hostname="SNEHA" failures="0" tests="9" name="TestNGPractice.Annotation2" time="0.027" errors="0" timestamp="2023-02-24T23:54:26 IST" skipped="1">
  <testcase classname="TestNGPractice.Annotation2" name="Method1" time="0.001"/>
  <system-out/>
  <testcase classname="TestNGPractice.Annotation2" name="Method1" time="0.001"/>
  <system-out/>
  <testcase classname="TestNGPractice.Annotation2" name="Method1" time="0.003"/>
  <system-out/>
  <testcase classname="TestNGPractice.Annotation2" name="Method1" time="0.002"/>
  <system-out/>
  <testcase classname="TestNGPractice.Annotation2" name="Method1" time="0.003"/>
  <system-out/>
  <testcase classname="TestNGPractice.Annotation2" name="Method5" time="0.014"/>
  <system-out/>
  <testcase classname="TestNGPractice.Annotation2" name="Method3" time="0.001"/>
  <system-out/>
  <testcase classname="TestNGPractice.Annotation2" name="Method4" time="0.002"/>
  <system-out/>
  <testcase classname="TestNGPractice.Annotation2" name="Method2">
    <skipped/>
  </testcase> <!-- Method2 -->
  <system-out/>
</testsuite> <!-- TestNGPractice.Annotation2 -->
