<?xml version="1.0" encoding="UTF-8"?>
<!-- Generated by org.testng.reporters.JUnitReportReporter -->
<testsuite hostname="SNEHA" failures="0" tests="1" name="Annotation.TestAnno" time="0.356" errors="0" timestamp="2023-03-03T16:20:04 IST" skipped="0">
  <testcase classname="Annotation.TestAnno" name="TestMethod" time="0.356"/>
  <system-out/>
</testsuite> <!-- Annotation.TestAnno -->
