<?xml version="1.0" encoding="UTF-8"?>
<!-- Generated by org.testng.reporters.JUnitReportReporter -->
<testsuite hostname="SNEHA" failures="0" tests="1" name="PRACTICE4.TestNGClass" time="0.008" errors="0" timestamp="2023-02-20T17:58:09 IST" skipped="0">
  <testcase classname="PRACTICE4.TestNGClass" name="methodHII" time="0.008"/>
  <system-out/>
</testsuite> <!-- PRACTICE4.TestNGClass -->
